implementations/Adapters/Android-A1/build/intermediates/manifest_merge_blame_file/debug/processDebugMainManifest/manifest-merger-blame-debug-report.txt
1<?xml version="1.0" encoding="utf-8"?>
2<manifest xmlns:android="http://schemas.android.com/apk/res/android"
3    package="org.pcfx.adapter.android"
4    android:versionCode="1"
5    android:versionName="0.1.0" >
6
7    <uses-sdk
8        android:minSdkVersion="26"
9        android:targetSdkVersion="34" />
10
11    <!-- Permissions for foreground app monitoring -->
12    <uses-permission android:name="android.permission.PACKAGE_USAGE_STATS" />
12-->src\main\AndroidManifest.xml:6:5-78
12-->src\main\AndroidManifest.xml:6:22-75
13    <uses-permission android:name="android.permission.GET_TASKS" />
13-->src\main\AndroidManifest.xml:7:5-68
13-->src\main\AndroidManifest.xml:7:22-65
14
15    <!-- Permissions for notification monitoring -->
16    <uses-permission android:name="android.permission.BIND_NOTIFICATION_LISTENER_SERVICE" />
16-->src\main\AndroidManifest.xml:10:5-93
16-->src\main\AndroidManifest.xml:10:22-90
17
18    <!-- Network permissions for PDV communication -->
19    <uses-permission android:name="android.permission.INTERNET" />
19-->src\main\AndroidManifest.xml:13:5-67
19-->src\main\AndroidManifest.xml:13:22-64
20    <uses-permission android:name="android.permission.ACCESS_NETWORK_STATE" />
20-->src\main\AndroidManifest.xml:14:5-79
20-->src\main\AndroidManifest.xml:14:22-76
21
22    <!-- Storage for offline queue and blobs -->
23    <uses-permission android:name="android.permission.READ_EXTERNAL_STORAGE" />
23-->src\main\AndroidManifest.xml:17:5-80
23-->src\main\AndroidManifest.xml:17:22-77
24    <uses-permission android:name="android.permission.WRITE_EXTERNAL_STORAGE" />
24-->src\main\AndroidManifest.xml:18:5-81
24-->src\main\AndroidManifest.xml:18:22-78
25
26    <!-- Foreground service notification -->
27    <uses-permission android:name="android.permission.FOREGROUND_SERVICE" />
27-->src\main\AndroidManifest.xml:21:5-77
27-->src\main\AndroidManifest.xml:21:22-74
28    <uses-permission android:name="android.permission.FOREGROUND_SERVICE_DATA_SYNC" />
28-->src\main\AndroidManifest.xml:22:5-87
28-->src\main\AndroidManifest.xml:22:22-84
29    <uses-permission android:name="android.permission.FOREGROUND_SERVICE_MEDIA_PROJECTION" />
29-->src\main\AndroidManifest.xml:23:5-94
29-->src\main\AndroidManifest.xml:23:22-91
30
31    <!-- Video recording permissions -->
32    <uses-permission android:name="android.permission.CAPTURE_VIDEO_OUTPUT" />
32-->src\main\AndroidManifest.xml:26:5-79
32-->src\main\AndroidManifest.xml:26:22-76
33    <uses-permission android:name="android.permission.RECORD_AUDIO" />
33-->src\main\AndroidManifest.xml:27:5-71
33-->src\main\AndroidManifest.xml:27:22-68
34    <uses-permission android:name="android.permission.QUERY_ALL_PACKAGES" />
34-->src\main\AndroidManifest.xml:28:5-77
34-->src\main\AndroidManifest.xml:28:22-74
35    <uses-permission android:name="android.permission.WAKE_LOCK" />
35-->[androidx.work:work-runtime:2.9.1] AndroidManifest.xml:23:5-68
35-->[androidx.work:work-runtime:2.9.1] AndroidManifest.xml:23:22-65
36    <uses-permission android:name="android.permission.RECEIVE_BOOT_COMPLETED" />
36-->[androidx.work:work-runtime:2.9.1] AndroidManifest.xml:25:5-81
36-->[androidx.work:work-runtime:2.9.1] AndroidManifest.xml:25:22-78
37
38    <permission
38-->[androidx.core:core:1.17.0] AndroidManifest.xml:22:5-24:47
39        android:name="org.pcfx.adapter.android.DYNAMIC_RECEIVER_NOT_EXPORTED_PERMISSION"
39-->[androidx.core:core:1.17.0] AndroidManifest.xml:23:9-81
40        android:protectionLevel="signature" />
40-->[androidx.core:core:1.17.0] AndroidManifest.xml:24:9-44
41
42    <uses-permission android:name="org.pcfx.adapter.android.DYNAMIC_RECEIVER_NOT_EXPORTED_PERMISSION" />
42-->[androidx.core:core:1.17.0] AndroidManifest.xml:26:5-97
42-->[androidx.core:core:1.17.0] AndroidManifest.xml:26:22-94
43
44    <application
44-->src\main\AndroidManifest.xml:30:5-97:19
45        android:allowBackup="false"
45-->src\main\AndroidManifest.xml:31:9-36
46        android:appComponentFactory="androidx.core.app.CoreComponentFactory"
46-->[androidx.core:core:1.17.0] AndroidManifest.xml:28:18-86
47        android:debuggable="true"
47-->src\main\AndroidManifest.xml:32:9-35
48        android:extractNativeLibs="false"
49        android:icon="@mipmap/ic_launcher"
49-->src\main\AndroidManifest.xml:33:9-43
50        android:label="@string/app_name"
50-->src\main\AndroidManifest.xml:34:9-41
51        android:networkSecurityConfig="@xml/network_security_config"
51-->src\main\AndroidManifest.xml:35:9-69
52        android:supportsRtl="true"
52-->src\main\AndroidManifest.xml:36:9-35
53        android:testOnly="true"
54        android:theme="@style/AppTheme" >
54-->src\main\AndroidManifest.xml:37:9-40
55
56        <!-- Main activity for consent grant -->
57        <activity
57-->src\main\AndroidManifest.xml:41:9-50:20
58            android:name="org.pcfx.adapter.android.ui.ConsentActivity"
58-->src\main\AndroidManifest.xml:42:13-71
59            android:exported="true"
59-->src\main\AndroidManifest.xml:43:13-36
60            android:launchMode="singleTop" >
60-->src\main\AndroidManifest.xml:44:13-43
61            <intent-filter>
61-->src\main\AndroidManifest.xml:46:13-49:29
62                <action android:name="android.intent.action.MAIN" />
62-->src\main\AndroidManifest.xml:47:17-69
62-->src\main\AndroidManifest.xml:47:25-66
63
64                <category android:name="android.intent.category.LAUNCHER" />
64-->src\main\AndroidManifest.xml:48:17-77
64-->src\main\AndroidManifest.xml:48:27-74
65            </intent-filter>
66        </activity>
67
68        <!-- Debug activity for viewing exposure events -->
69        <activity
69-->src\main\AndroidManifest.xml:53:9-56:55
70            android:name="org.pcfx.adapter.android.ui.DebugExposureEventsActivity"
70-->src\main\AndroidManifest.xml:54:13-83
71            android:exported="false"
71-->src\main\AndroidManifest.xml:55:13-37
72            android:label="Debug - Exposure Events" />
72-->src\main\AndroidManifest.xml:56:13-52
73
74        <!-- Accessibility service for foreground app detection -->
75        <service
75-->src\main\AndroidManifest.xml:59:9-70:19
76            android:name="org.pcfx.adapter.android.service.AccessibilityMonitorService"
76-->src\main\AndroidManifest.xml:60:13-88
77            android:enabled="true"
77-->src\main\AndroidManifest.xml:61:13-35
78            android:exported="false"
78-->src\main\AndroidManifest.xml:62:13-37
79            android:permission="android.permission.BIND_ACCESSIBILITY_SERVICE" >
79-->src\main\AndroidManifest.xml:63:13-79
80            <intent-filter>
80-->src\main\AndroidManifest.xml:64:13-66:29
81                <action android:name="android.accessibilityservice.AccessibilityService" />
81-->src\main\AndroidManifest.xml:65:17-92
81-->src\main\AndroidManifest.xml:65:25-89
82            </intent-filter>
83
84            <meta-data
84-->src\main\AndroidManifest.xml:67:13-69:72
85                android:name="android.accessibilityservice"
85-->src\main\AndroidManifest.xml:68:17-60
86                android:resource="@xml/accessibility_service_config" />
86-->src\main\AndroidManifest.xml:69:17-69
87        </service>
88
89        <!-- Notification listener service -->
90        <service
90-->src\main\AndroidManifest.xml:73:9-81:19
91            android:name="org.pcfx.adapter.android.service.NotificationListenerService"
91-->src\main\AndroidManifest.xml:74:13-88
92            android:enabled="true"
92-->src\main\AndroidManifest.xml:75:13-35
93            android:exported="true"
93-->src\main\AndroidManifest.xml:76:13-36
94            android:permission="android.permission.BIND_NOTIFICATION_LISTENER_SERVICE" >
94-->src\main\AndroidManifest.xml:77:13-87
95            <intent-filter>
95-->src\main\AndroidManifest.xml:78:13-80:29
96                <action android:name="android.service.notification.NotificationListenerService" />
96-->src\main\AndroidManifest.xml:79:17-99
96-->src\main\AndroidManifest.xml:79:25-96
97            </intent-filter>
98        </service>
99
100        <!-- Foreground service for event publishing -->
101        <service
101-->src\main\AndroidManifest.xml:84:9-88:56
102            android:name="org.pcfx.adapter.android.service.EventPublisherService"
102-->src\main\AndroidManifest.xml:85:13-82
103            android:enabled="true"
103-->src\main\AndroidManifest.xml:86:13-35
104            android:exported="false"
104-->src\main\AndroidManifest.xml:87:13-37
105            android:foregroundServiceType="dataSync" />
105-->src\main\AndroidManifest.xml:88:13-53
106
107        <!-- Video recording service -->
108        <service
108-->src\main\AndroidManifest.xml:91:9-95:63
109            android:name="org.pcfx.adapter.android.recording.VideoRecorderService"
109-->src\main\AndroidManifest.xml:92:13-83
110            android:enabled="true"
110-->src\main\AndroidManifest.xml:93:13-35
111            android:exported="false"
111-->src\main\AndroidManifest.xml:94:13-37
112            android:foregroundServiceType="mediaProjection" />
112-->src\main\AndroidManifest.xml:95:13-60
113
114        <provider
114-->[androidx.emoji2:emoji2:1.3.0] AndroidManifest.xml:24:9-32:20
115            android:name="androidx.startup.InitializationProvider"
115-->[androidx.emoji2:emoji2:1.3.0] AndroidManifest.xml:25:13-67
116            android:authorities="org.pcfx.adapter.android.androidx-startup"
116-->[androidx.emoji2:emoji2:1.3.0] AndroidManifest.xml:26:13-68
117            android:exported="false" >
117-->[androidx.emoji2:emoji2:1.3.0] AndroidManifest.xml:27:13-37
118            <meta-data
118-->[androidx.emoji2:emoji2:1.3.0] AndroidManifest.xml:29:13-31:52
119                android:name="androidx.emoji2.text.EmojiCompatInitializer"
119-->[androidx.emoji2:emoji2:1.3.0] AndroidManifest.xml:30:17-75
120                android:value="androidx.startup" />
120-->[androidx.emoji2:emoji2:1.3.0] AndroidManifest.xml:31:17-49
121            <meta-data
121-->[androidx.work:work-runtime:2.9.1] AndroidManifest.xml:34:13-36:52
122                android:name="androidx.work.WorkManagerInitializer"
122-->[androidx.work:work-runtime:2.9.1] AndroidManifest.xml:35:17-68
123                android:value="androidx.startup" />
123-->[androidx.work:work-runtime:2.9.1] AndroidManifest.xml:36:17-49
124            <meta-data
124-->[androidx.lifecycle:lifecycle-process:2.6.2] AndroidManifest.xml:29:13-31:52
125                android:name="androidx.lifecycle.ProcessLifecycleInitializer"
125-->[androidx.lifecycle:lifecycle-process:2.6.2] AndroidManifest.xml:30:17-78
126                android:value="androidx.startup" />
126-->[androidx.lifecycle:lifecycle-process:2.6.2] AndroidManifest.xml:31:17-49
127            <meta-data
127-->[com.squareup.okhttp3:okhttp-android:5.2.1] AndroidManifest.xml:16:13-18:52
128                android:name="okhttp3.internal.platform.PlatformInitializer"
128-->[com.squareup.okhttp3:okhttp-android:5.2.1] AndroidManifest.xml:17:17-77
129                android:value="androidx.startup" />
129-->[com.squareup.okhttp3:okhttp-android:5.2.1] AndroidManifest.xml:18:17-49
130            <meta-data
130-->[androidx.profileinstaller:profileinstaller:1.4.0] AndroidManifest.xml:29:13-31:52
131                android:name="androidx.profileinstaller.ProfileInstallerInitializer"
131-->[androidx.profileinstaller:profileinstaller:1.4.0] AndroidManifest.xml:30:17-85
132                android:value="androidx.startup" />
132-->[androidx.profileinstaller:profileinstaller:1.4.0] AndroidManifest.xml:31:17-49
133        </provider>
134
135        <service
135-->[androidx.work:work-runtime:2.9.1] AndroidManifest.xml:39:9-45:35
136            android:name="androidx.work.impl.background.systemalarm.SystemAlarmService"
136-->[androidx.work:work-runtime:2.9.1] AndroidManifest.xml:40:13-88
137            android:directBootAware="false"
137-->[androidx.work:work-runtime:2.9.1] AndroidManifest.xml:41:13-44
138            android:enabled="@bool/enable_system_alarm_service_default"
138-->[androidx.work:work-runtime:2.9.1] AndroidManifest.xml:42:13-72
139            android:exported="false" />
139-->[androidx.work:work-runtime:2.9.1] AndroidManifest.xml:43:13-37
140        <service
140-->[androidx.work:work-runtime:2.9.1] AndroidManifest.xml:46:9-52:35
141            android:name="androidx.work.impl.background.systemjob.SystemJobService"
141-->[androidx.work:work-runtime:2.9.1] AndroidManifest.xml:47:13-84
142            android:directBootAware="false"
142-->[androidx.work:work-runtime:2.9.1] AndroidManifest.xml:48:13-44
143            android:enabled="@bool/enable_system_job_service_default"
143-->[androidx.work:work-runtime:2.9.1] AndroidManifest.xml:49:13-70
144            android:exported="true"
144-->[androidx.work:work-runtime:2.9.1] AndroidManifest.xml:50:13-36
145            android:permission="android.permission.BIND_JOB_SERVICE" />
145-->[androidx.work:work-runtime:2.9.1] AndroidManifest.xml:51:13-69
146        <service
146-->[androidx.work:work-runtime:2.9.1] AndroidManifest.xml:53:9-59:35
147            android:name="androidx.work.impl.foreground.SystemForegroundService"
147-->[androidx.work:work-runtime:2.9.1] AndroidManifest.xml:54:13-81
148            android:directBootAware="false"
148-->[androidx.work:work-runtime:2.9.1] AndroidManifest.xml:55:13-44
149            android:enabled="@bool/enable_system_foreground_service_default"
149-->[androidx.work:work-runtime:2.9.1] AndroidManifest.xml:56:13-77
150            android:exported="false" />
150-->[androidx.work:work-runtime:2.9.1] AndroidManifest.xml:57:13-37
151
152        <receiver
152-->[androidx.work:work-runtime:2.9.1] AndroidManifest.xml:61:9-66:35
153            android:name="androidx.work.impl.utils.ForceStopRunnable$BroadcastReceiver"
153-->[androidx.work:work-runtime:2.9.1] AndroidManifest.xml:62:13-88
154            android:directBootAware="false"
154-->[androidx.work:work-runtime:2.9.1] AndroidManifest.xml:63:13-44
155            android:enabled="true"
155-->[androidx.work:work-runtime:2.9.1] AndroidManifest.xml:64:13-35
156            android:exported="false" />
156-->[androidx.work:work-runtime:2.9.1] AndroidManifest.xml:65:13-37
157        <receiver
157-->[androidx.work:work-runtime:2.9.1] AndroidManifest.xml:67:9-77:20
158            android:name="androidx.work.impl.background.systemalarm.ConstraintProxy$BatteryChargingProxy"
158-->[androidx.work:work-runtime:2.9.1] AndroidManifest.xml:68:13-106
159            android:directBootAware="false"
159-->[androidx.work:work-runtime:2.9.1] AndroidManifest.xml:69:13-44
160            android:enabled="false"
160-->[androidx.work:work-runtime:2.9.1] AndroidManifest.xml:70:13-36
161            android:exported="false" >
161-->[androidx.work:work-runtime:2.9.1] AndroidManifest.xml:71:13-37
162            <intent-filter>
162-->[androidx.work:work-runtime:2.9.1] AndroidManifest.xml:73:13-76:29
163                <action android:name="android.intent.action.ACTION_POWER_CONNECTED" />
163-->[androidx.work:work-runtime:2.9.1] AndroidManifest.xml:74:17-87
163-->[androidx.work:work-runtime:2.9.1] AndroidManifest.xml:74:25-84
164                <action android:name="android.intent.action.ACTION_POWER_DISCONNECTED" />
164-->[androidx.work:work-runtime:2.9.1] AndroidManifest.xml:75:17-90
164-->[androidx.work:work-runtime:2.9.1] AndroidManifest.xml:75:25-87
165            </intent-filter>
166        </receiver>
167        <receiver
167-->[androidx.work:work-runtime:2.9.1] AndroidManifest.xml:78:9-88:20
168            android:name="androidx.work.impl.background.systemalarm.ConstraintProxy$BatteryNotLowProxy"
168-->[androidx.work:work-runtime:2.9.1] AndroidManifest.xml:79:13-104
169            android:directBootAware="false"
169-->[androidx.work:work-runtime:2.9.1] AndroidManifest.xml:80:13-44
170            android:enabled="false"
170-->[androidx.work:work-runtime:2.9.1] AndroidManifest.xml:81:13-36
171            android:exported="false" >
171-->[androidx.work:work-runtime:2.9.1] AndroidManifest.xml:82:13-37
172            <intent-filter>
172-->[androidx.work:work-runtime:2.9.1] AndroidManifest.xml:84:13-87:29
173                <action android:name="android.intent.action.BATTERY_OKAY" />
173-->[androidx.work:work-runtime:2.9.1] AndroidManifest.xml:85:17-77
173-->[androidx.work:work-runtime:2.9.1] AndroidManifest.xml:85:25-74
174                <action android:name="android.intent.action.BATTERY_LOW" />
174-->[androidx.work:work-runtime:2.9.1] AndroidManifest.xml:86:17-76
174-->[androidx.work:work-runtime:2.9.1] AndroidManifest.xml:86:25-73
175            </intent-filter>
176        </receiver>
177        <receiver
177-->[androidx.work:work-runtime:2.9.1] AndroidManifest.xml:89:9-99:20
178            android:name="androidx.work.impl.background.systemalarm.ConstraintProxy$StorageNotLowProxy"
178-->[androidx.work:work-runtime:2.9.1] AndroidManifest.xml:90:13-104
179            android:directBootAware="false"
179-->[androidx.work:work-runtime:2.9.1] AndroidManifest.xml:91:13-44
180            android:enabled="false"
180-->[androidx.work:work-runtime:2.9.1] AndroidManifest.xml:92:13-36
181            android:exported="false" >
181-->[androidx.work:work-runtime:2.9.1] AndroidManifest.xml:93:13-37
182            <intent-filter>
182-->[androidx.work:work-runtime:2.9.1] AndroidManifest.xml:95:13-98:29
183                <action android:name="android.intent.action.DEVICE_STORAGE_LOW" />
183-->[androidx.work:work-runtime:2.9.1] AndroidManifest.xml:96:17-83
183-->[androidx.work:work-runtime:2.9.1] AndroidManifest.xml:96:25-80
184                <action android:name="android.intent.action.DEVICE_STORAGE_OK" />
184-->[androidx.work:work-runtime:2.9.1] AndroidManifest.xml:97:17-82
184-->[androidx.work:work-runtime:2.9.1] AndroidManifest.xml:97:25-79
185            </intent-filter>
186        </receiver>
187        <receiver
187-->[androidx.work:work-runtime:2.9.1] AndroidManifest.xml:100:9-109:20
188            android:name="androidx.work.impl.background.systemalarm.ConstraintProxy$NetworkStateProxy"
188-->[androidx.work:work-runtime:2.9.1] AndroidManifest.xml:101:13-103
189            android:directBootAware="false"
189-->[androidx.work:work-runtime:2.9.1] AndroidManifest.xml:102:13-44
190            android:enabled="false"
190-->[androidx.work:work-runtime:2.9.1] AndroidManifest.xml:103:13-36
191            android:exported="false" >
191-->[androidx.work:work-runtime:2.9.1] AndroidManifest.xml:104:13-37
192            <intent-filter>
192-->[androidx.work:work-runtime:2.9.1] AndroidManifest.xml:106:13-108:29
193                <action android:name="android.net.conn.CONNECTIVITY_CHANGE" />
193-->[androidx.work:work-runtime:2.9.1] AndroidManifest.xml:107:17-79
193-->[androidx.work:work-runtime:2.9.1] AndroidManifest.xml:107:25-76
194            </intent-filter>
195        </receiver>
196        <receiver
196-->[androidx.work:work-runtime:2.9.1] AndroidManifest.xml:110:9-121:20
197            android:name="androidx.work.impl.background.systemalarm.RescheduleReceiver"
197-->[androidx.work:work-runtime:2.9.1] AndroidManifest.xml:111:13-88
198            android:directBootAware="false"
198-->[androidx.work:work-runtime:2.9.1] AndroidManifest.xml:112:13-44
199            android:enabled="false"
199-->[androidx.work:work-runtime:2.9.1] AndroidManifest.xml:113:13-36
200            android:exported="false" >
200-->[androidx.work:work-runtime:2.9.1] AndroidManifest.xml:114:13-37
201            <intent-filter>
201-->[androidx.work:work-runtime:2.9.1] AndroidManifest.xml:116:13-120:29
202                <action android:name="android.intent.action.BOOT_COMPLETED" />
202-->[androidx.work:work-runtime:2.9.1] AndroidManifest.xml:117:17-79
202-->[androidx.work:work-runtime:2.9.1] AndroidManifest.xml:117:25-76
203                <action android:name="android.intent.action.TIME_SET" />
203-->[androidx.work:work-runtime:2.9.1] AndroidManifest.xml:118:17-73
203-->[androidx.work:work-runtime:2.9.1] AndroidManifest.xml:118:25-70
204                <action android:name="android.intent.action.TIMEZONE_CHANGED" />
204-->[androidx.work:work-runtime:2.9.1] AndroidManifest.xml:119:17-81
204-->[androidx.work:work-runtime:2.9.1] AndroidManifest.xml:119:25-78
205            </intent-filter>
206        </receiver>
207        <receiver
207-->[androidx.work:work-runtime:2.9.1] AndroidManifest.xml:122:9-131:20
208            android:name="androidx.work.impl.background.systemalarm.ConstraintProxyUpdateReceiver"
208-->[androidx.work:work-runtime:2.9.1] AndroidManifest.xml:123:13-99
209            android:directBootAware="false"
209-->[androidx.work:work-runtime:2.9.1] AndroidManifest.xml:124:13-44
210            android:enabled="@bool/enable_system_alarm_service_default"
210-->[androidx.work:work-runtime:2.9.1] AndroidManifest.xml:125:13-72
211            android:exported="false" >
211-->[androidx.work:work-runtime:2.9.1] AndroidManifest.xml:126:13-37
212            <intent-filter>
212-->[androidx.work:work-runtime:2.9.1] AndroidManifest.xml:128:13-130:29
213                <action android:name="androidx.work.impl.background.systemalarm.UpdateProxies" />
213-->[androidx.work:work-runtime:2.9.1] AndroidManifest.xml:129:17-98
213-->[androidx.work:work-runtime:2.9.1] AndroidManifest.xml:129:25-95
214            </intent-filter>
215        </receiver>
216        <receiver
216-->[androidx.work:work-runtime:2.9.1] AndroidManifest.xml:132:9-142:20
217            android:name="androidx.work.impl.diagnostics.DiagnosticsReceiver"
217-->[androidx.work:work-runtime:2.9.1] AndroidManifest.xml:133:13-78
218            android:directBootAware="false"
218-->[androidx.work:work-runtime:2.9.1] AndroidManifest.xml:134:13-44
219            android:enabled="true"
219-->[androidx.work:work-runtime:2.9.1] AndroidManifest.xml:135:13-35
220            android:exported="true"
220-->[androidx.work:work-runtime:2.9.1] AndroidManifest.xml:136:13-36
221            android:permission="android.permission.DUMP" >
221-->[androidx.work:work-runtime:2.9.1] AndroidManifest.xml:137:13-57
222            <intent-filter>
222-->[androidx.work:work-runtime:2.9.1] AndroidManifest.xml:139:13-141:29
223                <action android:name="androidx.work.diagnostics.REQUEST_DIAGNOSTICS" />
223-->[androidx.work:work-runtime:2.9.1] AndroidManifest.xml:140:17-88
223-->[androidx.work:work-runtime:2.9.1] AndroidManifest.xml:140:25-85
224            </intent-filter>
225        </receiver>
226
227        <service
227-->[androidx.room:room-runtime-android:2.8.2] AndroidManifest.xml:24:9-28:63
228            android:name="androidx.room.MultiInstanceInvalidationService"
228-->[androidx.room:room-runtime-android:2.8.2] AndroidManifest.xml:25:13-74
229            android:directBootAware="true"
229-->[androidx.room:room-runtime-android:2.8.2] AndroidManifest.xml:26:13-43
230            android:exported="false" />
230-->[androidx.room:room-runtime-android:2.8.2] AndroidManifest.xml:27:13-37
231
232        <receiver
232-->[androidx.profileinstaller:profileinstaller:1.4.0] AndroidManifest.xml:34:9-52:20
233            android:name="androidx.profileinstaller.ProfileInstallReceiver"
233-->[androidx.profileinstaller:profileinstaller:1.4.0] AndroidManifest.xml:35:13-76
234            android:directBootAware="false"
234-->[androidx.profileinstaller:profileinstaller:1.4.0] AndroidManifest.xml:36:13-44
235            android:enabled="true"
235-->[androidx.profileinstaller:profileinstaller:1.4.0] AndroidManifest.xml:37:13-35
236            android:exported="true"
236-->[androidx.profileinstaller:profileinstaller:1.4.0] AndroidManifest.xml:38:13-36
237            android:permission="android.permission.DUMP" >
237-->[androidx.profileinstaller:profileinstaller:1.4.0] AndroidManifest.xml:39:13-57
238            <intent-filter>
238-->[androidx.profileinstaller:profileinstaller:1.4.0] AndroidManifest.xml:40:13-42:29
239                <action android:name="androidx.profileinstaller.action.INSTALL_PROFILE" />
239-->[androidx.profileinstaller:profileinstaller:1.4.0] AndroidManifest.xml:41:17-91
239-->[androidx.profileinstaller:profileinstaller:1.4.0] AndroidManifest.xml:41:25-88
240            </intent-filter>
241            <intent-filter>
241-->[androidx.profileinstaller:profileinstaller:1.4.0] AndroidManifest.xml:43:13-45:29
242                <action android:name="androidx.profileinstaller.action.SKIP_FILE" />
242-->[androidx.profileinstaller:profileinstaller:1.4.0] AndroidManifest.xml:44:17-85
242-->[androidx.profileinstaller:profileinstaller:1.4.0] AndroidManifest.xml:44:25-82
243            </intent-filter>
244            <intent-filter>
244-->[androidx.profileinstaller:profileinstaller:1.4.0] AndroidManifest.xml:46:13-48:29
245                <action android:name="androidx.profileinstaller.action.SAVE_PROFILE" />
245-->[androidx.profileinstaller:profileinstaller:1.4.0] AndroidManifest.xml:47:17-88
245-->[androidx.profileinstaller:profileinstaller:1.4.0] AndroidManifest.xml:47:25-85
246            </intent-filter>
247            <intent-filter>
247-->[androidx.profileinstaller:profileinstaller:1.4.0] AndroidManifest.xml:49:13-51:29
248                <action android:name="androidx.profileinstaller.action.BENCHMARK_OPERATION" />
248-->[androidx.profileinstaller:profileinstaller:1.4.0] AndroidManifest.xml:50:17-95
248-->[androidx.profileinstaller:profileinstaller:1.4.0] AndroidManifest.xml:50:25-92
249            </intent-filter>
250        </receiver>
251    </application>
252
253</manifest>